# JRE version: OpenJDK Runtime Environment (8.0_152-b01) (build 1.8.0_152-release-915-b01)
# Java VM: OpenJDK 64-Bit Server VM (25.152-b01 mixed mode windows-amd64 compressed oops)
Heap:
 PSYoungGen      total 368128K, used 316146K [0x00000000e0000000, 0x0000000100000000, 0x0000000100000000)
  eden space 301056K, 82% used [0x00000000e0000000,0x00000000ef36e7e0,0x00000000f2600000)
  from space 67072K, 99% used [0x00000000f2600000,0x00000000f674e330,0x00000000f6780000)
  to   space 113664K, 0% used [0x00000000f9100000,0x00000000f9100000,0x0000000100000000)
 ParOldGen       total 232960K, used 166023K [0x00000000a0000000, 0x00000000ae380000, 0x00000000e0000000)
  object space 232960K, 71% used [0x00000000a0000000,0x00000000aa221c18,0x00000000ae380000)
 Metaspace       used 113188K, capacity 123688K, committed 123776K, reserved 1157120K
  class space    used 14165K, capacity 16489K, committed 16512K, reserved 1048576K
GC Heap History (10 events):
Event: 6712.738 GC heap before
{Heap before GC invocations=25 (full 4):
 PSYoungGen      total 454144K, used 435110K [0x00000000e0000000, 0x00000000feb80000, 0x0000000100000000)
  eden space 412160K, 100% used [0x00000000e0000000,0x00000000f9280000,0x00000000f9280000)
  from space 41984K, 54% used [0x00000000fc280000,0x00000000fd8e9bb8,0x00000000feb80000)
  to   space 45568K, 0% used [0x00000000f9280000,0x00000000f9280000,0x00000000fbf00000)
 ParOldGen       total 232960K, used 83260K [0x00000000a0000000, 0x00000000ae380000, 0x00000000e0000000)
  object space 232960K, 35% used [0x00000000a0000000,0x00000000a514f0e8,0x00000000ae380000)
 Metaspace       used 106037K, capacity 115514K, committed 115840K, reserved 1148928K
  class space    used 13335K, capacity 15404K, committed 15488K, reserved 1048576K
Event: 6712.866 GC heap after
Heap after GC invocations=25 (full 4):
 PSYoungGen      total 457728K, used 45548K [0x00000000e0000000, 0x0000000100000000, 0x0000000100000000)
  eden space 412160K, 0% used [0x00000000e0000000,0x00000000e0000000,0x00000000f9280000)
  from space 45568K, 99% used [0x00000000f9280000,0x00000000fbefb330,0x00000000fbf00000)
  to   space 62464K, 0% used [0x00000000fc300000,0x00000000fc300000,0x0000000100000000)
 ParOldGen       total 232960K, used 110450K [0x00000000a0000000, 0x00000000ae380000, 0x00000000e0000000)
  object space 232960K, 47% used [0x00000000a0000000,0x00000000a6bdcb50,0x00000000ae380000)
 Metaspace       used 106037K, capacity 115514K, committed 115840K, reserved 1148928K
  class space    used 13335K, capacity 15404K, committed 15488K, reserved 1048576K
}
Event: 6716.834 GC heap before
{Heap before GC invocations=26 (full 4):
 PSYoungGen      total 457728K, used 457708K [0x00000000e0000000, 0x0000000100000000, 0x0000000100000000)
  eden space 412160K, 100% used [0x00000000e0000000,0x00000000f9280000,0x00000000f9280000)
  from space 45568K, 99% used [0x00000000f9280000,0x00000000fbefb330,0x00000000fbf00000)
  to   space 62464K, 0% used [0x00000000fc300000,0x00000000fc300000,0x0000000100000000)
 ParOldGen       total 232960K, used 110450K [0x00000000a0000000, 0x00000000ae380000, 0x00000000e0000000)
  object space 232960K, 47% used [0x00000000a0000000,0x00000000a6bdcb50,0x00000000ae380000)
 Metaspace       used 110734K, capacity 120404K, committed 120704K, reserved 1155072K
  class space    used 13803K, capacity 15951K, committed 16000K, reserved 1048576K
Event: 6716.903 GC heap after
Heap after GC invocations=26 (full 4):
 PSYoungGen      total 402432K, used 62444K [0x00000000e0000000, 0x0000000100000000, 0x0000000100000000)
  eden space 339968K, 0% used [0x00000000e0000000,0x00000000e0000000,0x00000000f4c00000)
  from space 62464K, 99% used [0x00000000fc300000,0x00000000ffffb330,0x0000000100000000)
  to   space 92160K, 0% used [0x00000000f4c00000,0x00000000f4c00000,0x00000000fa600000)
 ParOldGen       total 232960K, used 164094K [0x00000000a0000000, 0x00000000ae380000, 0x00000000e0000000)
  object space 232960K, 70% used [0x00000000a0000000,0x00000000aa03fbe8,0x00000000ae380000)
 Metaspace       used 110734K, capacity 120404K, committed 120704K, reserved 1155072K
  class space    used 13803K, capacity 15951K, committed 16000K, reserved 1048576K
}
Event: 6718.097 GC heap before
{Heap before GC invocations=27 (full 4):
 PSYoungGen      total 402432K, used 401519K [0x00000000e0000000, 0x0000000100000000, 0x0000000100000000)
  eden space 339968K, 99% used [0x00000000e0000000,0x00000000f4b209b0,0x00000000f4c00000)
  from space 62464K, 99% used [0x00000000fc300000,0x00000000ffffb330,0x0000000100000000)
  to   space 92160K, 0% used [0x00000000f4c00000,0x00000000f4c00000,0x00000000fa600000)
 ParOldGen       total 232960K, used 164094K [0x00000000a0000000, 0x00000000ae380000, 0x00000000e0000000)
  object space 232960K, 70% used [0x00000000a0000000,0x00000000aa03fbe8,0x00000000ae380000)
 Metaspace       used 112045K, capacity 121868K, committed 122112K, reserved 1155072K
  class space    used 13973K, capacity 16111K, committed 16128K, reserved 1048576K
Event: 6718.141 GC heap after
Heap after GC invocations=27 (full 4):
 PSYoungGen      total 424448K, used 84244K [0x00000000e0000000, 0x0000000100000000, 0x0000000100000000)
  eden space 339968K, 0% used [0x00000000e0000000,0x00000000e0000000,0x00000000f4c00000)
  from space 84480K, 99% used [0x00000000f4c00000,0x00000000f9e45190,0x00000000f9e80000)
  to   space 99840K, 0% used [0x00000000f9e80000,0x00000000f9e80000,0x0000000100000000)
 ParOldGen       total 232960K, used 164102K [0x00000000a0000000, 0x00000000ae380000, 0x00000000e0000000)
  object space 232960K, 70% used [0x00000000a0000000,0x00000000aa041be8,0x00000000ae380000)
 Metaspace       used 112045K, capacity 121868K, committed 122112K, reserved 1155072K
  class space    used 13973K, capacity 16111K, committed 16128K, reserved 1048576K
}
Event: 6718.170 GC heap before
{Heap before GC invocations=28 (full 4):
 PSYoungGen      total 424448K, used 424121K [0x00000000e0000000, 0x0000000100000000, 0x0000000100000000)
  eden space 339968K, 99% used [0x00000000e0000000,0x00000000f4be9550,0x00000000f4c00000)
  from space 84480K, 99% used [0x00000000f4c00000,0x00000000f9e45190,0x00000000f9e80000)
  to   space 99840K, 0% used [0x00000000f9e80000,0x00000000f9e80000,0x0000000100000000)
 ParOldGen       total 232960K, used 164102K [0x00000000a0000000, 0x00000000ae380000, 0x00000000e0000000)
  object space 232960K, 70% used [0x00000000a0000000,0x00000000aa041be8,0x00000000ae380000)
 Metaspace       used 112055K, capacity 121932K, committed 122112K, reserved 1155072K
  class space    used 13973K, capacity 16111K, committed 16128K, reserved 1048576K
Event: 6718.210 GC heap after
Heap after GC invocations=28 (full 4):
 PSYoungGen      total 400896K, used 76552K [0x00000000e0000000, 0x0000000100000000, 0x0000000100000000)
  eden space 301056K, 0% used [0x00000000e0000000,0x00000000e0000000,0x00000000f2600000)
  from space 99840K, 76% used [0x00000000f9e80000,0x00000000fe942278,0x0000000100000000)
  to   space 111616K, 0% used [0x00000000f2600000,0x00000000f2600000,0x00000000f9300000)
 ParOldGen       total 232960K, used 164110K [0x00000000a0000000, 0x00000000ae380000, 0x00000000e0000000)
  object space 232960K, 70% used [0x00000000a0000000,0x00000000aa043be8,0x00000000ae380000)
 Metaspace       used 112055K, capacity 121932K, committed 122112K, reserved 1155072K
  class space    used 13973K, capacity 16111K, committed 16128K, reserved 1048576K
}
Event: 6742.753 GC heap before
{Heap before GC invocations=29 (full 4):
 PSYoungGen      total 400896K, used 377608K [0x00000000e0000000, 0x0000000100000000, 0x0000000100000000)
  eden space 301056K, 100% used [0x00000000e0000000,0x00000000f2600000,0x00000000f2600000)
  from space 99840K, 76% used [0x00000000f9e80000,0x00000000fe942278,0x0000000100000000)
  to   space 111616K, 0% used [0x00000000f2600000,0x00000000f2600000,0x00000000f9300000)
 ParOldGen       total 232960K, used 164110K [0x00000000a0000000, 0x00000000ae380000, 0x00000000e0000000)
  object space 232960K, 70% used [0x00000000a0000000,0x00000000aa043be8,0x00000000ae380000)
 Metaspace       used 112905K, capacity 123082K, committed 123136K, reserved 1157120K
  class space    used 14122K, capacity 16370K, committed 16384K, reserved 1048576K
Event: 6742.837 GC heap after
Heap after GC invocations=29 (full 4):
 PSYoungGen      total 368128K, used 66872K [0x00000000e0000000, 0x0000000100000000, 0x0000000100000000)
  eden space 301056K, 0% used [0x00000000e0000000,0x00000000e0000000,0x00000000f2600000)
  from space 67072K, 99% used [0x00000000f2600000,0x00000000f674e330,0x00000000f6780000)
  to   space 113664K, 0% used [0x00000000f9100000,0x00000000f9100000,0x0000000100000000)
 ParOldGen       total 232960K, used 166023K [0x00000000a0000000, 0x00000000ae380000, 0x00000000e0000000)
  object space 232960K, 71% used [0x00000000a0000000,0x00000000aa221c18,0x00000000ae380000)
 Metaspace       used 112905K, capacity 123082K, committed 123136K, reserved 1157120K
  class space    used 14122K, capacity 16370K, committed 16384K, reserved 1048576K
}

