# JRE version: OpenJDK Runtime Environment (8.0_152-b01) (build 1.8.0_152-release-915-b01)
# Java VM: OpenJDK 64-Bit Server VM (25.152-b01 mixed mode windows-amd64 compressed oops)
Heap:
 PSYoungGen      total 391680K, used 217672K [0x00000000e0000000, 0x0000000100000000, 0x0000000100000000)
  eden space 324608K, 50% used [0x00000000e0000000,0x00000000ea187eb8,0x00000000f3d00000)
  from space 67072K, 77% used [0x00000000fbe80000,0x00000000ff18a170,0x0000000100000000)
  to   space 99840K, 0% used [0x00000000f3d00000,0x00000000f3d00000,0x00000000f9e80000)
 ParOldGen       total 421376K, used 219757K [0x00000000a0000000, 0x00000000b9b80000, 0x00000000e0000000)
  object space 421376K, 52% used [0x00000000a0000000,0x00000000ad69b6a0,0x00000000b9b80000)
 Metaspace       used 122060K, capacity 129572K, committed 132568K, reserved 1165312K
  class space    used 14324K, capacity 15930K, committed 16640K, reserved 1048576K
GC Heap History (10 events):
Event: 1818.429 GC heap before
{Heap before GC invocations=64 (full 5):
 PSYoungGen      total 452096K, used 420638K [0x00000000e0000000, 0x0000000100000000, 0x0000000100000000)
  eden space 388608K, 100% used [0x00000000e0000000,0x00000000f7b80000,0x00000000f7b80000)
  from space 63488K, 50% used [0x00000000fb800000,0x00000000fd747ad0,0x00000000ff600000)
  to   space 61952K, 0% used [0x00000000f7b80000,0x00000000f7b80000,0x00000000fb800000)
 ParOldGen       total 317440K, used 242804K [0x00000000a0000000, 0x00000000b3600000, 0x00000000e0000000)
  object space 317440K, 76% used [0x00000000a0000000,0x00000000aed1d000,0x00000000b3600000)
 Metaspace       used 121834K, capacity 129634K, committed 129752K, reserved 1163264K
  class space    used 14361K, capacity 16044K, committed 16128K, reserved 1048576K
Event: 1818.446 GC heap after
Heap after GC invocations=64 (full 5):
 PSYoungGen      total 450560K, used 19984K [0x00000000e0000000, 0x00000000ffa80000, 0x0000000100000000)
  eden space 388608K, 0% used [0x00000000e0000000,0x00000000e0000000,0x00000000f7b80000)
  from space 61952K, 32% used [0x00000000f7b80000,0x00000000f8f04090,0x00000000fb800000)
  to   space 59904K, 0% used [0x00000000fc000000,0x00000000fc000000,0x00000000ffa80000)
 ParOldGen       total 317440K, used 242820K [0x00000000a0000000, 0x00000000b3600000, 0x00000000e0000000)
  object space 317440K, 76% used [0x00000000a0000000,0x00000000aed21000,0x00000000b3600000)
 Metaspace       used 121834K, capacity 129634K, committed 129752K, reserved 1163264K
  class space    used 14361K, capacity 16044K, committed 16128K, reserved 1048576K
}
Event: 1824.090 GC heap before
{Heap before GC invocations=65 (full 5):
 PSYoungGen      total 450560K, used 408592K [0x00000000e0000000, 0x00000000ffa80000, 0x0000000100000000)
  eden space 388608K, 100% used [0x00000000e0000000,0x00000000f7b80000,0x00000000f7b80000)
  from space 61952K, 32% used [0x00000000f7b80000,0x00000000f8f04090,0x00000000fb800000)
  to   space 59904K, 0% used [0x00000000fc000000,0x00000000fc000000,0x00000000ffa80000)
 ParOldGen       total 317440K, used 242820K [0x00000000a0000000, 0x00000000b3600000, 0x00000000e0000000)
  object space 317440K, 76% used [0x00000000a0000000,0x00000000aed21000,0x00000000b3600000)
 Metaspace       used 125354K, capacity 133352K, committed 133720K, reserved 1167360K
  class space    used 14680K, capacity 16427K, committed 16512K, reserved 1048576K
Event: 1824.135 GC heap after
Heap after GC invocations=65 (full 5):
 PSYoungGen      total 450048K, used 54210K [0x00000000e0000000, 0x0000000100000000, 0x0000000100000000)
  eden space 390144K, 0% used [0x00000000e0000000,0x00000000e0000000,0x00000000f7d00000)
  from space 59904K, 90% used [0x00000000fc000000,0x00000000ff4f0960,0x00000000ffa80000)
  to   space 67072K, 0% used [0x00000000f7d00000,0x00000000f7d00000,0x00000000fbe80000)
 ParOldGen       total 317440K, used 242828K [0x00000000a0000000, 0x00000000b3600000, 0x00000000e0000000)
  object space 317440K, 76% used [0x00000000a0000000,0x00000000aed23000,0x00000000b3600000)
 Metaspace       used 125354K, capacity 133352K, committed 133720K, reserved 1167360K
  class space    used 14680K, capacity 16427K, committed 16512K, reserved 1048576K
}
Event: 1827.427 GC heap before
{Heap before GC invocations=66 (full 5):
 PSYoungGen      total 450048K, used 444354K [0x00000000e0000000, 0x0000000100000000, 0x0000000100000000)
  eden space 390144K, 100% used [0x00000000e0000000,0x00000000f7d00000,0x00000000f7d00000)
  from space 59904K, 90% used [0x00000000fc000000,0x00000000ff4f0960,0x00000000ffa80000)
  to   space 67072K, 0% used [0x00000000f7d00000,0x00000000f7d00000,0x00000000fbe80000)
 ParOldGen       total 317440K, used 242828K [0x00000000a0000000, 0x00000000b3600000, 0x00000000e0000000)
  object space 317440K, 76% used [0x00000000a0000000,0x00000000aed23000,0x00000000b3600000)
 Metaspace       used 126341K, capacity 134378K, committed 134616K, reserved 1167360K
  class space    used 14782K, capacity 16534K, committed 16640K, reserved 1048576K
Event: 1827.518 GC heap after
Heap after GC invocations=66 (full 5):
 PSYoungGen      total 457216K, used 67059K [0x00000000e0000000, 0x0000000100000000, 0x0000000100000000)
  eden space 390144K, 0% used [0x00000000e0000000,0x00000000e0000000,0x00000000f7d00000)
  from space 67072K, 99% used [0x00000000f7d00000,0x00000000fbe7cf68,0x00000000fbe80000)
  to   space 67072K, 0% used [0x00000000fbe80000,0x00000000fbe80000,0x0000000100000000)
 ParOldGen       total 317440K, used 306637K [0x00000000a0000000, 0x00000000b3600000, 0x00000000e0000000)
  object space 317440K, 96% used [0x00000000a0000000,0x00000000b2b73500,0x00000000b3600000)
 Metaspace       used 126341K, capacity 134378K, committed 134616K, reserved 1167360K
  class space    used 14782K, capacity 16534K, committed 16640K, reserved 1048576K
}
Event: 1827.518 GC heap before
{Heap before GC invocations=67 (full 6):
 PSYoungGen      total 457216K, used 67059K [0x00000000e0000000, 0x0000000100000000, 0x0000000100000000)
  eden space 390144K, 0% used [0x00000000e0000000,0x00000000e0000000,0x00000000f7d00000)
  from space 67072K, 99% used [0x00000000f7d00000,0x00000000fbe7cf68,0x00000000fbe80000)
  to   space 67072K, 0% used [0x00000000fbe80000,0x00000000fbe80000,0x0000000100000000)
 ParOldGen       total 317440K, used 306637K [0x00000000a0000000, 0x00000000b3600000, 0x00000000e0000000)
  object space 317440K, 96% used [0x00000000a0000000,0x00000000b2b73500,0x00000000b3600000)
 Metaspace       used 126341K, capacity 134378K, committed 134616K, reserved 1167360K
  class space    used 14782K, capacity 16534K, committed 16640K, reserved 1048576K
Event: 1827.985 GC heap after
Heap after GC invocations=67 (full 6):
 PSYoungGen      total 457216K, used 0K [0x00000000e0000000, 0x0000000100000000, 0x0000000100000000)
  eden space 390144K, 0% used [0x00000000e0000000,0x00000000e0000000,0x00000000f7d00000)
  from space 67072K, 0% used [0x00000000f7d00000,0x00000000f7d00000,0x00000000fbe80000)
  to   space 67072K, 0% used [0x00000000fbe80000,0x00000000fbe80000,0x0000000100000000)
 ParOldGen       total 421376K, used 219757K [0x00000000a0000000, 0x00000000b9b80000, 0x00000000e0000000)
  object space 421376K, 52% used [0x00000000a0000000,0x00000000ad69b6a0,0x00000000b9b80000)
 Metaspace       used 121847K, capacity 129318K, committed 132568K, reserved 1165312K
  class space    used 14288K, capacity 15899K, committed 16640K, reserved 1048576K
}
Event: 1829.395 GC heap before
{Heap before GC invocations=68 (full 6):
 PSYoungGen      total 457216K, used 390144K [0x00000000e0000000, 0x0000000100000000, 0x0000000100000000)
  eden space 390144K, 100% used [0x00000000e0000000,0x00000000f7d00000,0x00000000f7d00000)
  from space 67072K, 0% used [0x00000000f7d00000,0x00000000f7d00000,0x00000000fbe80000)
  to   space 67072K, 0% used [0x00000000fbe80000,0x00000000fbe80000,0x0000000100000000)
 ParOldGen       total 421376K, used 219757K [0x00000000a0000000, 0x00000000b9b80000, 0x00000000e0000000)
  object space 421376K, 52% used [0x00000000a0000000,0x00000000ad69b6a0,0x00000000b9b80000)
 Metaspace       used 122033K, capacity 129572K, committed 132568K, reserved 1165312K
  class space    used 14323K, capacity 15930K, committed 16640K, reserved 1048576K
Event: 1829.438 GC heap after
Heap after GC invocations=68 (full 6):
 PSYoungGen      total 391680K, used 52264K [0x00000000e0000000, 0x0000000100000000, 0x0000000100000000)
  eden space 324608K, 0% used [0x00000000e0000000,0x00000000e0000000,0x00000000f3d00000)
  from space 67072K, 77% used [0x00000000fbe80000,0x00000000ff18a170,0x0000000100000000)
  to   space 99840K, 0% used [0x00000000f3d00000,0x00000000f3d00000,0x00000000f9e80000)
 ParOldGen       total 421376K, used 219757K [0x00000000a0000000, 0x00000000b9b80000, 0x00000000e0000000)
  object space 421376K, 52% used [0x00000000a0000000,0x00000000ad69b6a0,0x00000000b9b80000)
 Metaspace       used 122033K, capacity 129572K, committed 132568K, reserved 1165312K
  class space    used 14323K, capacity 15930K, committed 16640K, reserved 1048576K
}

